[debug] [2023-09-09T14:40:22.587Z] ----------------------------------------------------------------------
[debug] [2023-09-09T14:40:22.588Z] Command:       /usr/local/bin/node /usr/local/bin/firebase deploy
[debug] [2023-09-09T14:40:22.588Z] CLI Version:   11.30.0
[debug] [2023-09-09T14:40:22.588Z] Platform:      darwin
[debug] [2023-09-09T14:40:22.588Z] Node Version:  v18.16.0
[debug] [2023-09-09T14:40:22.589Z] Time:          Sat Sep 09 2023 17:40:22 GMT+0300 (GMT+03:00)
[debug] [2023-09-09T14:40:22.589Z] ----------------------------------------------------------------------
[debug] 
[debug] [2023-09-09T14:40:22.622Z] > command requires scopes: ["email","openid","https://www.googleapis.com/auth/cloudplatformprojects.readonly","https://www.googleapis.com/auth/firebase","https://www.googleapis.com/auth/cloud-platform"]
[debug] [2023-09-09T14:40:22.622Z] > authorizing via signed-in user (davut.0773@gmail.com)
[debug] [2023-09-09T14:40:22.622Z] [iam] checking project moniesto-bd2f6 for permissions ["firebase.projects.get","firebasehosting.sites.update"]
[debug] [2023-09-09T14:40:22.623Z] >>> [apiv2][query] POST https://cloudresourcemanager.googleapis.com/v1/projects/moniesto-bd2f6:testIamPermissions [none]
[debug] [2023-09-09T14:40:22.623Z] >>> [apiv2][(partial)header] POST https://cloudresourcemanager.googleapis.com/v1/projects/moniesto-bd2f6:testIamPermissions x-goog-quota-user=projects/moniesto-bd2f6
[debug] [2023-09-09T14:40:22.623Z] >>> [apiv2][body] POST https://cloudresourcemanager.googleapis.com/v1/projects/moniesto-bd2f6:testIamPermissions {"permissions":["firebase.projects.get","firebasehosting.sites.update"]}
[debug] [2023-09-09T14:40:23.600Z] <<< [apiv2][status] POST https://cloudresourcemanager.googleapis.com/v1/projects/moniesto-bd2f6:testIamPermissions 200
[debug] [2023-09-09T14:40:23.600Z] <<< [apiv2][body] POST https://cloudresourcemanager.googleapis.com/v1/projects/moniesto-bd2f6:testIamPermissions {"permissions":["firebase.projects.get","firebasehosting.sites.update"]}
[debug] [2023-09-09T14:40:23.601Z] >>> [apiv2][query] GET https://firebase.googleapis.com/v1beta1/projects/moniesto-bd2f6 [none]
[debug] [2023-09-09T14:40:24.004Z] <<< [apiv2][status] GET https://firebase.googleapis.com/v1beta1/projects/moniesto-bd2f6 200
[debug] [2023-09-09T14:40:24.005Z] <<< [apiv2][body] GET https://firebase.googleapis.com/v1beta1/projects/moniesto-bd2f6 {"projectId":"moniesto-bd2f6","projectNumber":"889461759120","displayName":"moniesto","name":"projects/moniesto-bd2f6","resources":{"hostingSite":"moniesto-bd2f6"},"state":"ACTIVE","etag":"1_2eacb9a3-f082-475c-ba20-080cd893e2df"}
[info] 
[info] === Deploying to 'moniesto-bd2f6'...
[info] 
[info] i  deploying hosting 
[debug] [2023-09-09T14:40:24.007Z] >>> [apiv2][query] POST https://firebasehosting.googleapis.com/v1beta1/projects/-/sites/moniesto-bd2f6/versions [none]
[debug] [2023-09-09T14:40:24.008Z] >>> [apiv2][body] POST https://firebasehosting.googleapis.com/v1beta1/projects/-/sites/moniesto-bd2f6/versions {"status":"CREATED","labels":{"deployment-tool":"cli-firebase"}}
[debug] [2023-09-09T14:40:25.319Z] <<< [apiv2][status] POST https://firebasehosting.googleapis.com/v1beta1/projects/-/sites/moniesto-bd2f6/versions 200
[debug] [2023-09-09T14:40:25.320Z] <<< [apiv2][body] POST https://firebasehosting.googleapis.com/v1beta1/projects/-/sites/moniesto-bd2f6/versions {"name":"projects/889461759120/sites/moniesto-bd2f6/versions/258342e71832db55","status":"CREATED","config":{},"labels":{"deployment-tool":"cli-firebase"}}
[info] i  hosting[moniesto-bd2f6]: beginning deploy... 
[info] i  hosting[moniesto-bd2f6]: found 27 files in build 
[debug] [2023-09-09T14:40:25.325Z] [hosting] uploading with 200 concurrency
[debug] [2023-09-09T14:40:25.825Z] [hosting] hash cache [YnVpbGQ] stored for 27 files
[debug] [2023-09-09T14:40:25.825Z] [hosting][hash queue][FINAL] {"max":496,"min":6,"avg":32.111111111111114,"active":0,"complete":27,"success":27,"errored":0,"retried":0,"total":27,"elapsed":499}
[debug] [2023-09-09T14:40:25.825Z] >>> [apiv2][query] POST https://firebasehosting.googleapis.com/v1beta1/projects/889461759120/sites/moniesto-bd2f6/versions/258342e71832db55:populateFiles [none]
[debug] [2023-09-09T14:40:25.825Z] >>> [apiv2][body] POST https://firebasehosting.googleapis.com/v1beta1/projects/889461759120/sites/moniesto-bd2f6/versions/258342e71832db55:populateFiles {"files":{"/index.html":"a698ead34968c7730c59b2379e5dafe20e92a14bdc687e70a70e677ef838393c","/asset-manifest.json":"3ce7794be40088f07e85e7644e86894b19b9d0ef6ea6783f2244dc6de66dc0af","/robots.txt":"391d14b3c2f8c9143a27a28c7399585142228d4d1bdbe2c87ac946de411fa9a2","/manifest.json":"f4e8c2780e122b78cc89349575a5b0c8b3df53287180986ec029c82f9d3e72b9","/images/auth/logo-light-small.png":"7bfcba7258f9d9386228e88097b0e2490c9e07cee06bcea078c17f81d740c8e0","/logo512.png":"59eef7cf78d704b6f87b3b8b8f904a8e5d1e2250483369d7eb241fcb921ed68a","/favicon.ico":"75d5ecb154fa2aa5adbef1fd6cfd9896548671b2dc55361d9b41e3b4366fa8b0","/logo192.png":"e6eaec2eefe990fa4cbe4452070dd304c9f06bc7ee023c960f54cdaee1ba5e3b","/images/landing/vector-invest.svg":"5a0ba2eaf358e1552c0a775df22b830e4eb476e2528ac7c70cb582eece515dc1","/images/logos/logo-small-light.png":"3f10b95a09de456b635a3415f54e385df2e10b321c30ed3ec186caef6531a05a","/images/logos/logo-small-dark.png":"ed8bab2eae345d230920cebf33f6c307e80f9d0d534949a770e1542737197037","/images/landing/vector-grades.svg":"e155c268c73bd70bf6b8e5c98bf65f2c64c53cce1c0fc4cd3a7a2f945061fe89","/static/css/main.88675665.css.map":"f52d4b660477371a35968bb6f857b90f9f63d31e89e3361b3e05e7c157ee295e","/images/landing/vector-btc.svg":"e1ea7eb0b7e933ea2f919c0e79e1b6f2e9be92f0bddcf8fbdda03c446a67bdec","/static/css/main.88675665.css":"10f6c8b6cc2a154919e55473a97df56ea6731160190165f42e00dfb209051f83","/static/js/main.af0eb8b0.js.LICENSE.txt":"828370029d2965556a3ee2b1a74aeff49ecf553410ce916785ae3181cff982d0","/static/js/787.3e31769e.chunk.js.map":"73ea1259cc25987690ecab7e82e7b01ef64fdd2b8800c360b28b29330d4236a2","/static/js/787.3e31769e.chunk.js":"11f12fce51943f98fd1cd665105402d71e75648c2dfa0174ac52c6725ab4ad4b","/images/logos/logo-medium-dark.png":"be8ad9d26a33afa629bec11006cfde49d1a66e5899d816e91b2344105b6fa9e2","/images/logos/logo-medium-light.png":"f36d8946191e5fe7c5346741ffd6819189218f821a915dfbd24c7a45212e3944","/images/landing/mobile-moniest.png":"6183e32f33947ef0e57c357517e56031331abd59efe156d82257fb4b23bd8c5c","/images/auth/auth_bg.svg":"f1a308aeb9bdf4ccee723df6bf49385ea1621d727ed33ff75451b454f36fdd9a","/images/landing/desktop.png":"a30d3320afdfaf9acafda71676f4869217b5d451ad33c6489c09a19447586ecf","/images/landing/mobile.png":"aae806d0806d33fd1f0a2248c876be03e9ec5e83d5f0bee26962a7defa37e5e8","/images/auth/auth_bg.gif":"a9d25cf544c547919976ecf80b48e56e128f83f07411a172e7b662b47378a090","/static/js/main.af0eb8b0.js":"779a8b2390ef5b44a0a051976921f74ca407f3aaaecdbc6a3db60d52453a1c4f","/static/js/main.af0eb8b0.js.map":"873181b7ac0c1c44a7b2ce12010350f567056e62f2da5c803fa285de4b8bda0b"}}
[debug] [2023-09-09T14:40:26.937Z] <<< [apiv2][status] POST https://firebasehosting.googleapis.com/v1beta1/projects/889461759120/sites/moniesto-bd2f6/versions/258342e71832db55:populateFiles 200
[debug] [2023-09-09T14:40:26.937Z] <<< [apiv2][body] POST https://firebasehosting.googleapis.com/v1beta1/projects/889461759120/sites/moniesto-bd2f6/versions/258342e71832db55:populateFiles {"uploadRequiredHashes":["a698ead34968c7730c59b2379e5dafe20e92a14bdc687e70a70e677ef838393c","3ce7794be40088f07e85e7644e86894b19b9d0ef6ea6783f2244dc6de66dc0af","873181b7ac0c1c44a7b2ce12010350f567056e62f2da5c803fa285de4b8bda0b","779a8b2390ef5b44a0a051976921f74ca407f3aaaecdbc6a3db60d52453a1c4f"],"uploadUrl":"https://upload-firebasehosting.googleapis.com/upload/sites/moniesto-bd2f6/versions/258342e71832db55/files"}
[debug] [2023-09-09T14:40:26.938Z] >>> [apiv2][query] POST https://upload-firebasehosting.googleapis.com/upload/sites/moniesto-bd2f6/versions/258342e71832db55/files/a698ead34968c7730c59b2379e5dafe20e92a14bdc687e70a70e677ef838393c [none]
[debug] [2023-09-09T14:40:26.938Z] >>> [apiv2][body] POST https://upload-firebasehosting.googleapis.com/upload/sites/moniesto-bd2f6/versions/258342e71832db55/files/a698ead34968c7730c59b2379e5dafe20e92a14bdc687e70a70e677ef838393c [stream]
[debug] [2023-09-09T14:40:26.939Z] >>> [apiv2][query] POST https://upload-firebasehosting.googleapis.com/upload/sites/moniesto-bd2f6/versions/258342e71832db55/files/3ce7794be40088f07e85e7644e86894b19b9d0ef6ea6783f2244dc6de66dc0af [none]
[debug] [2023-09-09T14:40:26.939Z] >>> [apiv2][body] POST https://upload-firebasehosting.googleapis.com/upload/sites/moniesto-bd2f6/versions/258342e71832db55/files/3ce7794be40088f07e85e7644e86894b19b9d0ef6ea6783f2244dc6de66dc0af [stream]
[debug] [2023-09-09T14:40:26.939Z] >>> [apiv2][query] POST https://upload-firebasehosting.googleapis.com/upload/sites/moniesto-bd2f6/versions/258342e71832db55/files/873181b7ac0c1c44a7b2ce12010350f567056e62f2da5c803fa285de4b8bda0b [none]
[debug] [2023-09-09T14:40:26.939Z] >>> [apiv2][body] POST https://upload-firebasehosting.googleapis.com/upload/sites/moniesto-bd2f6/versions/258342e71832db55/files/873181b7ac0c1c44a7b2ce12010350f567056e62f2da5c803fa285de4b8bda0b [stream]
[debug] [2023-09-09T14:40:26.940Z] >>> [apiv2][query] POST https://upload-firebasehosting.googleapis.com/upload/sites/moniesto-bd2f6/versions/258342e71832db55/files/779a8b2390ef5b44a0a051976921f74ca407f3aaaecdbc6a3db60d52453a1c4f [none]
[debug] [2023-09-09T14:40:26.940Z] >>> [apiv2][body] POST https://upload-firebasehosting.googleapis.com/upload/sites/moniesto-bd2f6/versions/258342e71832db55/files/779a8b2390ef5b44a0a051976921f74ca407f3aaaecdbc6a3db60d52453a1c4f [stream]
[debug] [2023-09-09T14:40:26.940Z] [hosting][populate queue][FINAL] {"max":1114,"min":1114,"avg":1114,"active":0,"complete":1,"success":1,"errored":0,"retried":0,"total":1,"elapsed":1116}
[debug] [2023-09-09T14:40:26.940Z] [hosting] uploads queued: 4
[debug] [2023-09-09T14:40:28.172Z] <<< [apiv2][status] POST https://upload-firebasehosting.googleapis.com/upload/sites/moniesto-bd2f6/versions/258342e71832db55/files/a698ead34968c7730c59b2379e5dafe20e92a14bdc687e70a70e677ef838393c 200
[debug] [2023-09-09T14:40:28.172Z] <<< [apiv2][body] POST https://upload-firebasehosting.googleapis.com/upload/sites/moniesto-bd2f6/versions/258342e71832db55/files/a698ead34968c7730c59b2379e5dafe20e92a14bdc687e70a70e677ef838393c [stream]
[debug] [2023-09-09T14:40:28.235Z] <<< [apiv2][status] POST https://upload-firebasehosting.googleapis.com/upload/sites/moniesto-bd2f6/versions/258342e71832db55/files/3ce7794be40088f07e85e7644e86894b19b9d0ef6ea6783f2244dc6de66dc0af 200
[debug] [2023-09-09T14:40:28.235Z] <<< [apiv2][body] POST https://upload-firebasehosting.googleapis.com/upload/sites/moniesto-bd2f6/versions/258342e71832db55/files/3ce7794be40088f07e85e7644e86894b19b9d0ef6ea6783f2244dc6de66dc0af [stream]
[debug] [2023-09-09T14:40:31.424Z] <<< [apiv2][status] POST https://upload-firebasehosting.googleapis.com/upload/sites/moniesto-bd2f6/versions/258342e71832db55/files/779a8b2390ef5b44a0a051976921f74ca407f3aaaecdbc6a3db60d52453a1c4f 200
[debug] [2023-09-09T14:40:31.424Z] <<< [apiv2][body] POST https://upload-firebasehosting.googleapis.com/upload/sites/moniesto-bd2f6/versions/258342e71832db55/files/779a8b2390ef5b44a0a051976921f74ca407f3aaaecdbc6a3db60d52453a1c4f [stream]
[debug] [2023-09-09T14:40:34.370Z] <<< [apiv2][status] POST https://upload-firebasehosting.googleapis.com/upload/sites/moniesto-bd2f6/versions/258342e71832db55/files/873181b7ac0c1c44a7b2ce12010350f567056e62f2da5c803fa285de4b8bda0b 200
[debug] [2023-09-09T14:40:34.371Z] <<< [apiv2][body] POST https://upload-firebasehosting.googleapis.com/upload/sites/moniesto-bd2f6/versions/258342e71832db55/files/873181b7ac0c1c44a7b2ce12010350f567056e62f2da5c803fa285de4b8bda0b [stream]
[debug] [2023-09-09T14:40:34.371Z] [hosting][upload queue][FINAL] {"max":7433,"min":1235,"avg":3612.75,"active":0,"complete":4,"success":4,"errored":0,"retried":0,"total":4,"elapsed":7434}
[info] ✔  hosting[moniesto-bd2f6]: file upload complete 
[debug] [2023-09-09T14:40:34.371Z] [hosting] deploy completed after 9050ms
[debug] [2023-09-09T14:40:34.372Z] [
  {
    "config": {
      "public": "build",
      "ignore": [
        "firebase.json",
        "**/.*",
        "**/node_modules/**"
      ],
      "rewrites": [
        {
          "source": "**",
          "destination": "/index.html"
        }
      ],
      "site": "moniesto-bd2f6"
    },
    "version": "projects/889461759120/sites/moniesto-bd2f6/versions/258342e71832db55"
  }
]
[info] i  hosting[moniesto-bd2f6]: finalizing version... 
[debug] [2023-09-09T14:40:34.373Z] >>> [apiv2][query] PATCH https://firebasehosting.googleapis.com/v1beta1/projects/-/sites/moniesto-bd2f6/versions/258342e71832db55 updateMask=status%2Cconfig
[debug] [2023-09-09T14:40:34.373Z] >>> [apiv2][body] PATCH https://firebasehosting.googleapis.com/v1beta1/projects/-/sites/moniesto-bd2f6/versions/258342e71832db55 {"status":"FINALIZED","config":{"rewrites":[{"glob":"**","path":"/index.html"}]}}
[debug] [2023-09-09T14:40:35.394Z] <<< [apiv2][status] PATCH https://firebasehosting.googleapis.com/v1beta1/projects/-/sites/moniesto-bd2f6/versions/258342e71832db55 200
[debug] [2023-09-09T14:40:35.394Z] <<< [apiv2][body] PATCH https://firebasehosting.googleapis.com/v1beta1/projects/-/sites/moniesto-bd2f6/versions/258342e71832db55 {"name":"projects/889461759120/sites/moniesto-bd2f6/versions/258342e71832db55","status":"FINALIZED","config":{"rewrites":[{"glob":"**","path":"/index.html"}]},"labels":{"deployment-tool":"cli-firebase"},"createTime":"2023-09-09T14:40:25.065479Z","createUser":{"email":"davut.0773@gmail.com"},"finalizeTime":"2023-09-09T14:40:35.399782Z","finalizeUser":{"email":"davut.0773@gmail.com"}}
[debug] [2023-09-09T14:40:35.394Z] [hosting] finalized version for moniesto-bd2f6:[object Object]
[info] ✔  hosting[moniesto-bd2f6]: version finalized 
[info] i  hosting[moniesto-bd2f6]: releasing new version... 
[debug] [2023-09-09T14:40:35.395Z] >>> [apiv2][query] POST https://firebasehosting.googleapis.com/v1beta1/projects/-/sites/moniesto-bd2f6/channels/live/releases versionName=projects%2F889461759120%2Fsites%2Fmoniesto-bd2f6%2Fversions%2F258342e71832db55
[debug] [2023-09-09T14:40:35.395Z] >>> [apiv2][body] POST https://firebasehosting.googleapis.com/v1beta1/projects/-/sites/moniesto-bd2f6/channels/live/releases {}
